<?xml version="1.0" encoding="UTF-8"?>
<testsuite name="TestLexer" tests="1" skipped="0" failures="0" errors="0" timestamp="2023-02-26T12:12:26" hostname="tom-hp-laptop" time="0.015">
  <properties/>
  <testcase name="test" classname="TestLexer" time="0.015"/>
  <system-out><![CDATA[]]></system-out>
  <system-err><![CDATA[]]></system-err>
</testsuite>
